# JRE version: OpenJDK Runtime Environment (17.0.11) (build 17.0.11+0--11852314)
# Java VM: OpenJDK 64-Bit Server VM (17.0.11+0--11852314, mixed mode, tiered, compressed oops, compressed class ptrs, g1 gc, windows-amd64)
GC Precious Log:
 CPUs: 8 total, 8 available
 Memory: 8175M
 Large Page Support: Disabled
 NUMA Support: Disabled
 Compressed Oops: Enabled (32-bit)
 Heap Region Size: 1M
 Heap Min Capacity: 8M
 Heap Initial Capacity: 128M
 Heap Max Capacity: 2G
 Pre-touch: Disabled
 Parallel Workers: 8
 Concurrent Workers: 2
 Concurrent Refinement Workers: 8
 Periodic GC: Disabled
Heap:
 garbage-first heap   total 222208K, used 121591K [0x0000000080000000, 0x0000000100000000)
  region size 1024K, 18 young (18432K), 2 survivors (2048K)
 Metaspace       used 120814K, committed 121792K, reserved 1179648K
  class space    used 16217K, committed 16704K, reserved 1048576K
GC Heap History (20 events):
Event: 1171.603 GC heap before
{Heap before GC invocations=36 (full 0):
 garbage-first heap   total 220160K, used 175567K [0x0000000080000000, 0x0000000100000000)
  region size 1024K, 68 young (69632K), 5 survivors (5120K)
 Metaspace       used 90720K, committed 91456K, reserved 1179648K
  class space    used 11919K, committed 12288K, reserved 1048576K
}
Event: 1171.614 GC heap after
{Heap after GC invocations=37 (full 0):
 garbage-first heap   total 220160K, used 114464K [0x0000000080000000, 0x0000000100000000)
  region size 1024K, 8 young (8192K), 8 survivors (8192K)
 Metaspace       used 90720K, committed 91456K, reserved 1179648K
  class space    used 11919K, committed 12288K, reserved 1048576K
}
Event: 1175.619 GC heap before
{Heap before GC invocations=37 (full 0):
 garbage-first heap   total 220160K, used 178976K [0x0000000080000000, 0x0000000100000000)
  region size 1024K, 70 young (71680K), 8 survivors (8192K)
 Metaspace       used 98406K, committed 99136K, reserved 1179648K
  class space    used 12904K, committed 13248K, reserved 1048576K
}
Event: 1175.633 GC heap after
{Heap after GC invocations=38 (full 0):
 garbage-first heap   total 220160K, used 123153K [0x0000000080000000, 0x0000000100000000)
  region size 1024K, 9 young (9216K), 9 survivors (9216K)
 Metaspace       used 98406K, committed 99136K, reserved 1179648K
  class space    used 12904K, committed 13248K, reserved 1048576K
}
Event: 1176.703 GC heap before
{Heap before GC invocations=38 (full 0):
 garbage-first heap   total 220160K, used 179473K [0x0000000080000000, 0x0000000100000000)
  region size 1024K, 63 young (64512K), 9 survivors (9216K)
 Metaspace       used 102755K, committed 103488K, reserved 1179648K
  class space    used 13342K, committed 13696K, reserved 1048576K
}
Event: 1176.724 GC heap after
{Heap after GC invocations=39 (full 0):
 garbage-first heap   total 220160K, used 132437K [0x0000000080000000, 0x0000000100000000)
  region size 1024K, 8 young (8192K), 8 survivors (8192K)
 Metaspace       used 102755K, committed 103488K, reserved 1179648K
  class space    used 13342K, committed 13696K, reserved 1048576K
}
Event: 1177.402 GC heap before
{Heap before GC invocations=39 (full 0):
 garbage-first heap   total 220160K, used 166229K [0x0000000080000000, 0x0000000100000000)
  region size 1024K, 41 young (41984K), 8 survivors (8192K)
 Metaspace       used 104984K, committed 105856K, reserved 1179648K
  class space    used 13669K, committed 14144K, reserved 1048576K
}
Event: 1177.413 GC heap after
{Heap after GC invocations=40 (full 0):
 garbage-first heap   total 220160K, used 135122K [0x0000000080000000, 0x0000000100000000)
  region size 1024K, 3 young (3072K), 3 survivors (3072K)
 Metaspace       used 104984K, committed 105856K, reserved 1179648K
  class space    used 13669K, committed 14144K, reserved 1048576K
}
Event: 1178.053 GC heap before
{Heap before GC invocations=41 (full 0):
 garbage-first heap   total 222208K, used 171986K [0x0000000080000000, 0x0000000100000000)
  region size 1024K, 48 young (49152K), 3 survivors (3072K)
 Metaspace       used 108731K, committed 109568K, reserved 1179648K
  class space    used 14289K, committed 14720K, reserved 1048576K
}
Event: 1178.065 GC heap after
{Heap after GC invocations=42 (full 0):
 garbage-first heap   total 222208K, used 133445K [0x0000000080000000, 0x0000000100000000)
  region size 1024K, 6 young (6144K), 6 survivors (6144K)
 Metaspace       used 108731K, committed 109568K, reserved 1179648K
  class space    used 14289K, committed 14720K, reserved 1048576K
}
Event: 1178.126 GC heap before
{Heap before GC invocations=42 (full 0):
 garbage-first heap   total 222208K, used 136517K [0x0000000080000000, 0x0000000100000000)
  region size 1024K, 10 young (10240K), 6 survivors (6144K)
 Metaspace       used 109190K, committed 110080K, reserved 1179648K
  class space    used 14381K, committed 14848K, reserved 1048576K
}
Event: 1178.140 GC heap after
{Heap after GC invocations=43 (full 0):
 garbage-first heap   total 222208K, used 116192K [0x0000000080000000, 0x0000000100000000)
  region size 1024K, 1 young (1024K), 1 survivors (1024K)
 Metaspace       used 109190K, committed 110080K, reserved 1179648K
  class space    used 14381K, committed 14848K, reserved 1048576K
}
Event: 1178.235 GC heap before
{Heap before GC invocations=43 (full 0):
 garbage-first heap   total 222208K, used 124384K [0x0000000080000000, 0x0000000100000000)
  region size 1024K, 10 young (10240K), 1 survivors (1024K)
 Metaspace       used 110201K, committed 111040K, reserved 1179648K
  class space    used 14528K, committed 14976K, reserved 1048576K
}
Event: 1178.245 GC heap after
{Heap after GC invocations=44 (full 0):
 garbage-first heap   total 222208K, used 113167K [0x0000000080000000, 0x0000000100000000)
  region size 1024K, 1 young (1024K), 1 survivors (1024K)
 Metaspace       used 110201K, committed 111040K, reserved 1179648K
  class space    used 14528K, committed 14976K, reserved 1048576K
}
Event: 1179.026 GC heap before
{Heap before GC invocations=44 (full 0):
 garbage-first heap   total 222208K, used 172559K [0x0000000080000000, 0x0000000100000000)
  region size 1024K, 60 young (61440K), 1 survivors (1024K)
 Metaspace       used 117129K, committed 118080K, reserved 1179648K
  class space    used 15771K, committed 16256K, reserved 1048576K
}
Event: 1179.032 GC heap after
{Heap after GC invocations=45 (full 0):
 garbage-first heap   total 222208K, used 114800K [0x0000000080000000, 0x0000000100000000)
  region size 1024K, 3 young (3072K), 3 survivors (3072K)
 Metaspace       used 117129K, committed 118080K, reserved 1179648K
  class space    used 15771K, committed 16256K, reserved 1048576K
}
Event: 1180.227 GC heap before
{Heap before GC invocations=46 (full 0):
 garbage-first heap   total 222208K, used 175216K [0x0000000080000000, 0x0000000100000000)
  region size 1024K, 63 young (64512K), 3 survivors (3072K)
 Metaspace       used 119896K, committed 120832K, reserved 1179648K
  class space    used 16080K, committed 16512K, reserved 1048576K
}
Event: 1180.236 GC heap after
{Heap after GC invocations=47 (full 0):
 garbage-first heap   total 222208K, used 116608K [0x0000000080000000, 0x0000000100000000)
  region size 1024K, 5 young (5120K), 5 survivors (5120K)
 Metaspace       used 119896K, committed 120832K, reserved 1179648K
  class space    used 16080K, committed 16512K, reserved 1048576K
}
Event: 1180.355 GC heap before
{Heap before GC invocations=47 (full 0):
 garbage-first heap   total 222208K, used 121728K [0x0000000080000000, 0x0000000100000000)
  region size 1024K, 10 young (10240K), 5 survivors (5120K)
 Metaspace       used 119937K, committed 120832K, reserved 1179648K
  class space    used 16080K, committed 16512K, reserved 1048576K
}
Event: 1180.366 GC heap after
{Heap after GC invocations=48 (full 0):
 garbage-first heap   total 222208K, used 107255K [0x0000000080000000, 0x0000000100000000)
  region size 1024K, 2 young (2048K), 2 survivors (2048K)
 Metaspace       used 119937K, committed 120832K, reserved 1179648K
  class space    used 16080K, committed 16512K, reserved 1048576K
}

