# JRE version: OpenJDK Runtime Environment (17.0.11) (build 17.0.11+0--11852314)
# Java VM: OpenJDK 64-Bit Server VM (17.0.11+0--11852314, mixed mode, tiered, compressed oops, compressed class ptrs, g1 gc, windows-amd64)
GC Precious Log:
 CPUs: 8 total, 8 available
 Memory: 8175M
 Large Page Support: Disabled
 NUMA Support: Disabled
 Compressed Oops: Enabled (32-bit)
 Heap Region Size: 1M
 Heap Min Capacity: 8M
 Heap Initial Capacity: 128M
 Heap Max Capacity: 2G
 Pre-touch: Disabled
 Parallel Workers: 8
 Concurrent Workers: 2
 Concurrent Refinement Workers: 8
 Periodic GC: Disabled
Heap:
 garbage-first heap   total 430080K, used 122393K [0x0000000080000000, 0x0000000100000000)
  region size 1024K, 9 young (9216K), 9 survivors (9216K)
 Metaspace       used 120849K, committed 121792K, reserved 1179648K
  class space    used 16074K, committed 16576K, reserved 1048576K
GC Heap History (20 events):
Event: 1483.226 GC heap after
{Heap after GC invocations=51 (full 0):
 garbage-first heap   total 413696K, used 112493K [0x0000000080000000, 0x0000000100000000)
  region size 1024K, 2 young (2048K), 2 survivors (2048K)
 Metaspace       used 100939K, committed 101760K, reserved 1179648K
  class space    used 13682K, committed 14080K, reserved 1048576K
}
Event: 2019.511 GC heap before
{Heap before GC invocations=51 (full 0):
 garbage-first heap   total 413696K, used 295789K [0x0000000080000000, 0x0000000100000000)
  region size 1024K, 182 young (186368K), 2 survivors (2048K)
 Metaspace       used 101600K, committed 102592K, reserved 1179648K
  class space    used 13743K, committed 14208K, reserved 1048576K
}
Event: 2019.523 GC heap after
{Heap after GC invocations=52 (full 0):
 garbage-first heap   total 413696K, used 115187K [0x0000000080000000, 0x0000000100000000)
  region size 1024K, 4 young (4096K), 4 survivors (4096K)
 Metaspace       used 101600K, committed 102592K, reserved 1179648K
  class space    used 13743K, committed 14208K, reserved 1048576K
}
Event: 2078.185 GC heap before
{Heap before GC invocations=53 (full 0):
 garbage-first heap   total 378880K, used 360314K [0x0000000080000000, 0x0000000100000000)
  region size 1024K, 221 young (226304K), 4 survivors (4096K)
 Metaspace       used 101984K, committed 102912K, reserved 1179648K
  class space    used 13746K, committed 14208K, reserved 1048576K
}
Event: 2078.200 GC heap after
{Heap after GC invocations=54 (full 0):
 garbage-first heap   total 378880K, used 104444K [0x0000000080000000, 0x0000000100000000)
  region size 1024K, 7 young (7168K), 7 survivors (7168K)
 Metaspace       used 101984K, committed 102912K, reserved 1179648K
  class space    used 13746K, committed 14208K, reserved 1048576K
}
Event: 2078.433 GC heap before
{Heap before GC invocations=54 (full 0):
 garbage-first heap   total 378880K, used 114684K [0x0000000080000000, 0x0000000100000000)
  region size 1024K, 18 young (18432K), 7 survivors (7168K)
 Metaspace       used 102894K, committed 103808K, reserved 1179648K
  class space    used 13864K, committed 14336K, reserved 1048576K
}
Event: 2078.448 GC heap after
{Heap after GC invocations=55 (full 0):
 garbage-first heap   total 378880K, used 90072K [0x0000000080000000, 0x0000000100000000)
  region size 1024K, 2 young (2048K), 2 survivors (2048K)
 Metaspace       used 102894K, committed 103808K, reserved 1179648K
  class space    used 13864K, committed 14336K, reserved 1048576K
}
Event: 2079.632 GC heap before
{Heap before GC invocations=55 (full 0):
 garbage-first heap   total 378880K, used 147416K [0x0000000080000000, 0x0000000100000000)
  region size 1024K, 60 young (61440K), 2 survivors (2048K)
 Metaspace       used 110126K, committed 111104K, reserved 1179648K
  class space    used 14788K, committed 15296K, reserved 1048576K
}
Event: 2079.645 GC heap after
{Heap after GC invocations=56 (full 0):
 garbage-first heap   total 378880K, used 95379K [0x0000000080000000, 0x0000000100000000)
  region size 1024K, 8 young (8192K), 8 survivors (8192K)
 Metaspace       used 110126K, committed 111104K, reserved 1179648K
  class space    used 14788K, committed 15296K, reserved 1048576K
}
Event: 2083.363 GC heap before
{Heap before GC invocations=57 (full 0):
 garbage-first heap   total 352256K, used 307347K [0x0000000080000000, 0x0000000100000000)
  region size 1024K, 209 young (214016K), 8 survivors (8192K)
 Metaspace       used 120597K, committed 121600K, reserved 1179648K
  class space    used 16077K, committed 16576K, reserved 1048576K
}
Event: 2083.381 GC heap after
{Heap after GC invocations=58 (full 0):
 garbage-first heap   total 352256K, used 102306K [0x0000000080000000, 0x0000000100000000)
  region size 1024K, 12 young (12288K), 12 survivors (12288K)
 Metaspace       used 120597K, committed 121600K, reserved 1179648K
  class space    used 16077K, committed 16576K, reserved 1048576K
}
Event: 2083.577 GC heap before
{Heap before GC invocations=58 (full 0):
 garbage-first heap   total 352256K, used 106402K [0x0000000080000000, 0x0000000100000000)
  region size 1024K, 17 young (17408K), 12 survivors (12288K)
 Metaspace       used 120613K, committed 121600K, reserved 1179648K
  class space    used 16077K, committed 16576K, reserved 1048576K
}
Event: 2083.603 GC heap after
{Heap after GC invocations=59 (full 0):
 garbage-first heap   total 352256K, used 98132K [0x0000000080000000, 0x0000000100000000)
  region size 1024K, 3 young (3072K), 3 survivors (3072K)
 Metaspace       used 120613K, committed 121600K, reserved 1179648K
  class space    used 16077K, committed 16576K, reserved 1048576K
}
Event: 2083.685 GC heap before
{Heap before GC invocations=59 (full 0):
 garbage-first heap   total 352256K, used 100180K [0x0000000080000000, 0x0000000100000000)
  region size 1024K, 6 young (6144K), 3 survivors (3072K)
 Metaspace       used 120624K, committed 121664K, reserved 1179648K
  class space    used 16077K, committed 16576K, reserved 1048576K
}
Event: 2083.689 GC heap after
{Heap after GC invocations=60 (full 0):
 garbage-first heap   total 352256K, used 97811K [0x0000000080000000, 0x0000000100000000)
  region size 1024K, 3 young (3072K), 3 survivors (3072K)
 Metaspace       used 120624K, committed 121664K, reserved 1179648K
  class space    used 16077K, committed 16576K, reserved 1048576K
}
Event: 2492.318 GC heap before
{Heap before GC invocations=61 (full 0):
 garbage-first heap   total 342016K, used 315923K [0x0000000080000000, 0x0000000100000000)
  region size 1024K, 183 young (187392K), 3 survivors (3072K)
 Metaspace       used 120849K, committed 121792K, reserved 1179648K
  class space    used 16074K, committed 16576K, reserved 1048576K
}
Event: 2492.340 GC heap after
{Heap after GC invocations=62 (full 0):
 garbage-first heap   total 342016K, used 116320K [0x0000000080000000, 0x0000000100000000)
  region size 1024K, 21 young (21504K), 21 survivors (21504K)
 Metaspace       used 120849K, committed 121792K, reserved 1179648K
  class space    used 16074K, committed 16576K, reserved 1048576K
}
Event: 2492.346 GC heap before
{Heap before GC invocations=62 (full 0):
 garbage-first heap   total 342016K, used 117344K [0x0000000080000000, 0x0000000100000000)
  region size 1024K, 22 young (22528K), 21 survivors (21504K)
 Metaspace       used 120849K, committed 121792K, reserved 1179648K
  class space    used 16074K, committed 16576K, reserved 1048576K
}
Event: 2492.374 GC heap after
{Heap after GC invocations=63 (full 0):
 garbage-first heap   total 342016K, used 116755K [0x0000000080000000, 0x0000000100000000)
  region size 1024K, 3 young (3072K), 3 survivors (3072K)
 Metaspace       used 120849K, committed 121792K, reserved 1179648K
  class space    used 16074K, committed 16576K, reserved 1048576K
}
Event: 2492.445 GC heap before
{Heap before GC invocations=63 (full 0):
 garbage-first heap   total 342016K, used 123923K [0x0000000080000000, 0x0000000100000000)
  region size 1024K, 12 young (12288K), 3 survivors (3072K)
 Metaspace       used 120849K, committed 121792K, reserved 1179648K
  class space    used 16074K, committed 16576K, reserved 1048576K
}

